{"level":"info","message":"Server running on port 3000","timestamp":"2025-08-07T11:10:46.018Z"}
{"level":"info","message":"Server running on port 3000","timestamp":"2025-08-08T12:53:16.752Z"}
{"level":"info","message":"Server running on port 3000","timestamp":"2025-08-11T04:31:37.267Z"}
{"level":"info","message":"Server running on port 3000","timestamp":"2025-08-11T04:33:15.826Z"}
{"level":"info","message":"Server running on port 3000","timestamp":"2025-08-11T04:35:32.278Z"}
{"level":"info","message":"Server running on port 3000","timestamp":"2025-08-11T04:36:03.171Z"}
{"level":"info","message":"Server running on port 3000","timestamp":"2025-08-11T04:38:09.471Z"}
{"level":"info","message":"User logged in: admin@warehouse.com","timestamp":"2025-08-11T04:43:56.489Z"}
{"level":"info","message":"Item created: Adaptor","timestamp":"2025-08-11T04:49:57.916Z"}
{"level":"info","message":"Item updated: Adaptor","timestamp":"2025-08-11T04:52:09.317Z"}
{"level":"info","message":"User logged in: admin@warehouse.com","timestamp":"2025-08-11T06:28:32.499Z"}
{"level":"info","message":"User logged in: admin@warehouse.com","timestamp":"2025-08-11T06:49:35.685Z"}
{"level":"info","message":"Item updated: Printer Paper","timestamp":"2025-08-11T07:00:43.104Z"}
{"level":"info","message":"Item updated: Laptop Dell XPS","timestamp":"2025-08-11T07:02:31.360Z"}
{"level":"info","message":"Item updated: USB Cable","timestamp":"2025-08-11T07:02:56.539Z"}
{"level":"info","message":"Item updated: Office Chair","timestamp":"2025-08-11T07:03:18.075Z"}
{"level":"info","message":"Item updated: Desk Lamp","timestamp":"2025-08-11T07:03:29.713Z"}
{"level":"info","message":"Server running on port 3000","timestamp":"2025-08-11T12:07:37.730Z"}
{"level":"info","message":"Server running on port 3000","timestamp":"2025-08-12T05:05:59.025Z"}
{"level":"info","message":"User logged in: admin@warehouse.com","timestamp":"2025-08-12T05:09:35.420Z"}
{"level":"info","message":"Item created: sofa","timestamp":"2025-08-12T05:10:54.096Z"}
{"level":"info","message":"Item updated: sofa","timestamp":"2025-08-12T05:11:14.164Z"}
{"level":"info","message":"User logged in: rajesh@warehouse.com","timestamp":"2025-08-12T05:54:22.085Z"}
{"level":"info","message":"User logged in: priya@warehouse.com","timestamp":"2025-08-12T05:57:47.075Z"}
{"level":"info","message":"Item updated: Packing Tape","timestamp":"2025-08-12T05:58:10.538Z"}
{"level":"info","message":"Item updated: Laptop Dell XPS","timestamp":"2025-08-12T05:58:26.748Z"}
{"level":"info","message":"User logged in: rajesh@warehouse.com","timestamp":"2025-08-12T08:11:53.994Z"}
{"level":"info","message":"Item created: job1","timestamp":"2025-08-12T08:17:05.416Z"}
{"level":"info","message":"User logged in: mouni@warehouse.com","timestamp":"2025-08-12T08:31:43.666Z"}
